Started GET "/" for 69.197.179.170 at 2018-08-08 17:37:23 +0000
Cannot render console from 69.197.179.170! Allowed networks: 127.0.0.1, ::1, 127.0.0.0/127.255.255.255
  
ActiveRecord::NoDatabaseError (FATAL:  database "beejeeb_development" does not exist
):
  
activerecord (5.2.0) lib/active_record/connection_adapters/postgresql_adapter.rb:688:in `rescue in connect'
activerecord (5.2.0) lib/active_record/connection_adapters/postgresql_adapter.rb:683:in `connect'
activerecord (5.2.0) lib/active_record/connection_adapters/postgresql_adapter.rb:215:in `initialize'
activerecord (5.2.0) lib/active_record/connection_adapters/postgresql_adapter.rb:40:in `new'
activerecord (5.2.0) lib/active_record/connection_adapters/postgresql_adapter.rb:40:in `postgresql_connection'
activerecord (5.2.0) lib/active_record/connection_adapters/abstract/connection_pool.rb:809:in `new_connection'
activerecord (5.2.0) lib/active_record/connection_adapters/abstract/connection_pool.rb:853:in `checkout_new_connection'
activerecord (5.2.0) lib/active_record/connection_adapters/abstract/connection_pool.rb:832:in `try_to_checkout_new_connection'
activerecord (5.2.0) lib/active_record/connection_adapters/abstract/connection_pool.rb:793:in `acquire_connection'
activerecord (5.2.0) lib/active_record/connection_adapters/abstract/connection_pool.rb:521:in `checkout'
activerecord (5.2.0) lib/active_record/connection_adapters/abstract/connection_pool.rb:380:in `connection'
activerecord (5.2.0) lib/active_record/connection_adapters/abstract/connection_pool.rb:1008:in `retrieve_connection'
activerecord (5.2.0) lib/active_record/connection_handling.rb:118:in `retrieve_connection'
activerecord (5.2.0) lib/active_record/connection_handling.rb:90:in `connection'
activerecord (5.2.0) lib/active_record/migration.rb:554:in `call'
actionpack (5.2.0) lib/action_dispatch/middleware/callbacks.rb:28:in `block in call'
activesupport (5.2.0) lib/active_support/callbacks.rb:98:in `run_callbacks'
actionpack (5.2.0) lib/action_dispatch/middleware/callbacks.rb:26:in `call'
actionpack (5.2.0) lib/action_dispatch/middleware/executor.rb:14:in `call'
actionpack (5.2.0) lib/action_dispatch/middleware/debug_exceptions.rb:61:in `call'
web-console (3.6.2) lib/web_console/middleware.rb:135:in `call_app'
web-console (3.6.2) lib/web_console/middleware.rb:22:in `block in call'
web-console (3.6.2) lib/web_console/middleware.rb:20:in `catch'
web-console (3.6.2) lib/web_console/middleware.rb:20:in `call'
actionpack (5.2.0) lib/action_dispatch/middleware/show_exceptions.rb:33:in `call'
railties (5.2.0) lib/rails/rack/logger.rb:38:in `call_app'
railties (5.2.0) lib/rails/rack/logger.rb:26:in `block in call'
activesupport (5.2.0) lib/active_support/tagged_logging.rb:71:in `block in tagged'
activesupport (5.2.0) lib/active_support/tagged_logging.rb:28:in `tagged'
activesupport (5.2.0) lib/active_support/tagged_logging.rb:71:in `tagged'
railties (5.2.0) lib/rails/rack/logger.rb:26:in `call'
sprockets-rails (3.2.1) lib/sprockets/rails/quiet_assets.rb:13:in `call'
actionpack (5.2.0) lib/action_dispatch/middleware/remote_ip.rb:81:in `call'
actionpack (5.2.0) lib/action_dispatch/middleware/request_id.rb:27:in `call'
rack (2.0.5) lib/rack/method_override.rb:22:in `call'
rack (2.0.5) lib/rack/runtime.rb:22:in `call'
activesupport (5.2.0) lib/active_support/cache/strategy/local_cache_middleware.rb:29:in `call'
actionpack (5.2.0) lib/action_dispatch/middleware/executor.rb:14:in `call'
actionpack (5.2.0) lib/action_dispatch/middleware/static.rb:127:in `call'
rack (2.0.5) lib/rack/sendfile.rb:111:in `call'
railties (5.2.0) lib/rails/engine.rb:524:in `call'
puma (3.11.4) lib/puma/configuration.rb:225:in `call'
puma (3.11.4) lib/puma/server.rb:632:in `handle_request'
puma (3.11.4) lib/puma/server.rb:446:in `process_client'
puma (3.11.4) lib/puma/server.rb:306:in `block in run'
puma (3.11.4) lib/puma/thread_pool.rb:120:in `block in spawn_thread'
  [1m[35m (333.0ms)[0m  [1m[35mCREATE DATABASE "beejeeb_development" ENCODING = 'unicode'[0m
  ↳ bin/rails:11
  [1m[35m (337.7ms)[0m  [1m[35mCREATE DATABASE "beejeeb_test" ENCODING = 'unicode'[0m
  ↳ bin/rails:11
Started GET "/" for 127.0.0.1 at 2018-08-26 19:08:06 -0500
  [1m[35m (1.0ms)[0m  [1m[34mSELECT "schema_migrations"."version" FROM "schema_migrations" ORDER BY "schema_migrations"."version" ASC[0m
  ↳ /Users/success/.rbenv/versions/2.4.4/lib/ruby/gems/2.4.0/gems/activerecord-5.2.0/lib/active_record/log_subscriber.rb:98
Processing by StaticsController#index as HTML
  Rendering statics/index.html.erb within layouts/application
  Rendered shared/_calculator_modal.html.erb (0.4ms)
  Rendered shared/_product_modal.html.erb (49.4ms)
  Rendered statics/index.html.erb within layouts/application (64.6ms)
  Rendered layouts/_messages.html.erb (0.5ms)
Completed 200 OK in 131ms (Views: 109.1ms | ActiveRecord: 6.4ms)


Started GET "/" for 127.0.0.1 at 2018-08-26 19:08:43 -0500
Processing by StaticsController#index as HTML
  Rendering statics/index.html.erb within layouts/application
  Rendered shared/_calculator_modal.html.erb (0.4ms)
  Rendered shared/_product_modal.html.erb (1.9ms)
  Rendered statics/index.html.erb within layouts/application (6.5ms)
  Rendered layouts/_messages.html.erb (0.6ms)
Completed 200 OK in 21ms (Views: 18.9ms | ActiveRecord: 0.0ms)


Started GET "/fetch-product?url=" for 127.0.0.1 at 2018-08-26 19:09:46 -0500
Processing by ProductsController#fetch as JSON
  Parameters: {"url"=>""}
Completed 404 Not Found in 2360ms (ActiveRecord: 0.0ms)


  
ActiveRecord::RecordNotFound (ActiveRecord::RecordNotFound):
  
app/controllers/products_controller.rb:10:in `rescue in fetch'
app/controllers/products_controller.rb:7:in `fetch'
Started GET "/login-signup.html" for 127.0.0.1 at 2018-08-26 19:12:37 -0500
Processing by UsersController#new as HTML
  Rendering users/new.html.erb within layouts/application
  Rendered users/new.html.erb within layouts/application (13.2ms)
  Rendered layouts/_messages.html.erb (0.6ms)
Completed 200 OK in 52ms (Views: 25.1ms | ActiveRecord: 5.2ms)


Started POST "/users/sign_in" for 127.0.0.1 at 2018-08-26 19:12:58 -0500
Processing by Devise::SessionsController#create as HTML
  Parameters: {"utf8"=>"✓", "authenticity_token"=>"lgJ3OFXbayxH093s1U1XmH6KS3NQPL/bm+1X9qHcdMYY1hP1ZbmsoeY5QQ2KYSUsb46DqYAighS1zTs6Wdahjw==", "user"=>{"email"=>"hamzaadmin@gmail.com", "password"=>"[FILTERED]"}}
  [1m[36mUser Load (1.8ms)[0m  [1m[34mSELECT  "users".* FROM "users" WHERE "users"."email" = $1 ORDER BY "users"."id" ASC LIMIT $2[0m  [["email", "hamzaadmin@gmail.com"], ["LIMIT", 1]]
  ↳ /Users/success/.rbenv/versions/2.4.4/lib/ruby/gems/2.4.0/gems/activerecord-5.2.0/lib/active_record/log_subscriber.rb:98
Completed 401 Unauthorized in 214ms (ActiveRecord: 1.8ms)


Started GET "/login-signup.html" for 127.0.0.1 at 2018-08-26 19:12:59 -0500
Processing by UsersController#new as HTML
  Rendering users/new.html.erb within layouts/application
  Rendered users/new.html.erb within layouts/application (3.8ms)
  Rendered layouts/_messages.html.erb (0.8ms)
Completed 200 OK in 18ms (Views: 16.2ms | ActiveRecord: 0.0ms)


